# tracer: function_graph
#
# CPU  DURATION                  FUNCTION CALLS
# |     |   |                     |   |   |   |
   0)               |  device_create() {
   0)               |    device_create_groups_vargs() {
   0)               |      kmem_cache_alloc_trace() {
   0)   0.053 us    |        _cond_resched();
   0)   0.581 us    |      }
   0)               |      device_initialize() {
   0)   0.027 us    |        __mutex_init();
   0)               |        device_pm_sleep_init() {
   0)   0.029 us    |          __init_waitqueue_head();
   0)               |          complete_all() {
   0)   0.025 us    |            _raw_spin_lock_irqsave();
   0)               |            __wake_up_locked() {
   0)   0.035 us    |              __wake_up_common();
   0)   0.238 us    |            }
   0)   0.035 us    |            _raw_spin_unlock_irqrestore();
   0)   1.137 us    |          }
   0)   1.572 us    |        }
   0)               |        pm_runtime_init() {
   0)   0.028 us    |          init_timer_key();
   0)   0.026 us    |          __init_waitqueue_head();
   0)   0.442 us    |        }
   0)   2.976 us    |      }
   0)               |      kstrdup_const() {
   0)               |        kstrdup() {
   0)               |          __kmalloc_track_caller() {
   0)   0.040 us    |            kmalloc_slab();
   0)   0.026 us    |            _cond_resched();
   0)   0.501 us    |          }
   0)   0.760 us    |        }
   0)   0.986 us    |      }
   0)               |      kfree_const() {
   0)   0.034 us    |        kfree();
   0)   0.245 us    |      }
   0)               |      device_add() {
   0)               |        device_private_init() {
   0)               |          kmem_cache_alloc_trace() {
   0)   0.026 us    |            _cond_resched();
   0)   0.289 us    |          }
   0)   0.545 us    |        }
   0)               |        get_device_parent.isra.19() {
   0)               |          mutex_lock() {
   0)   0.027 us    |            _cond_resched();
   0)   0.335 us    |          }
   0)   0.030 us    |          _raw_spin_lock();
   0)               |          kmem_cache_alloc_trace() {
   0)   0.027 us    |            _cond_resched();
   0)   0.299 us    |          }
   0)               |          kstrdup_const() {
   0)               |            kstrdup() {
   0)               |              __kmalloc_track_caller() {
   0)   0.027 us    |                kmalloc_slab();
   0)   0.026 us    |                _cond_resched();
   0)   0.483 us    |              }
   0)   0.691 us    |            }
   0)   0.887 us    |          }
   0)               |          kfree_const() {
   0)   0.027 us    |            kfree();
   0)   0.224 us    |          }
   0)   0.027 us    |          _raw_spin_lock();
   0)               |          sysfs_create_dir_ns() {
   0)               |            kernfs_create_dir_ns() {
   0)               |              kernfs_new_node() {
   0)               |                __kernfs_new_node() {
   0)               |                  kstrdup_const() {
   0)               |                    kstrdup() {
   0)               |                      __kmalloc_track_caller() {
   0)   0.027 us    |                        kmalloc_slab();
   0)   0.026 us    |                        _cond_resched();
   0)   0.488 us    |                      }
   0)   0.695 us    |                    }
   0)   0.925 us    |                  }
   0)               |                  kmem_cache_alloc() {
   0)   0.028 us    |                    _cond_resched();
   0)   0.319 us    |                  }
   0)               |                  kmem_cache_alloc() {
   0)   0.026 us    |                    _cond_resched();
   0)   0.454 us    |                  }
   0)   0.027 us    |                  _raw_spin_lock_irqsave();
   0)   0.032 us    |                  _raw_spin_unlock_irqrestore();
   0)   0.028 us    |                  _raw_spin_lock_irqsave();
   0)   0.029 us    |                  _raw_spin_lock_irqsave();
   0)   0.034 us    |                  _raw_spin_unlock_irqrestore();
   0)   0.091 us    |                  kmem_cache_free();
   0)   0.034 us    |                  _raw_spin_unlock_irqrestore();
   0)   4.566 us    |                }
   0)   0.028 us    |                kernfs_get();
   0)   5.033 us    |              }
   0)               |              kernfs_add_one() {
   0)               |                mutex_lock() {
   0)   0.025 us    |                  _cond_resched();
   0)   0.222 us    |                }
   0)   0.083 us    |                kernfs_name_hash();
   0)   0.733 us    |                kernfs_link_sibling();
   0)   0.029 us    |                mutex_unlock();
   0)               |                kernfs_activate() {
   0)               |                  mutex_lock() {
   0)   0.026 us    |                    _cond_resched();
   0)   0.226 us    |                  }
   0)   0.059 us    |                  kernfs_next_descendant_post();
   0)   0.033 us    |                  kernfs_next_descendant_post();
   0)   0.029 us    |                  mutex_unlock();
   0)   1.125 us    |                }
   0)   3.140 us    |              }
   0)   8.603 us    |            }
   0)   8.844 us    |          }
   0)   0.027 us    |          kernfs_get();
   0)   0.027 us    |          class_dir_child_ns_type();
   0)   0.030 us    |          mutex_unlock();
   0) + 13.368 us   |        }
   0)   0.084 us    |        _raw_spin_lock();
   0)   0.025 us    |        class_dir_child_ns_type();
   0)               |        sysfs_create_dir_ns() {
   0)               |          kernfs_create_dir_ns() {
   0)               |            kernfs_new_node() {
   0)               |              __kernfs_new_node() {
   0)               |                kstrdup_const() {
   0)               |                  kstrdup() {
   0)               |                    __kmalloc_track_caller() {
   0)   0.025 us    |                      kmalloc_slab();
   0)   0.026 us    |                      _cond_resched();
   0)   0.432 us    |                    }
   0)   0.640 us    |                  }
   0)   0.906 us    |                }
   0)               |                kmem_cache_alloc() {
   0)   0.025 us    |                  _cond_resched();
   0)   0.270 us    |                }
   0)               |                kmem_cache_alloc() {
   0)   0.026 us    |                  _cond_resched();
   0)   0.348 us    |                }
   0)   0.028 us    |                _raw_spin_lock_irqsave();
   0)   0.032 us    |                _raw_spin_unlock_irqrestore();
   0)   0.028 us    |                _raw_spin_lock_irqsave();
   0)   0.029 us    |                _raw_spin_lock_irqsave();
   0)   0.031 us    |                _raw_spin_unlock_irqrestore();
   0)   0.030 us    |                kmem_cache_free();
   0)   0.031 us    |                _raw_spin_unlock_irqrestore();
   0)   3.682 us    |              }
   0)   0.026 us    |              kernfs_get();
   0)   4.079 us    |            }
   0)               |            kernfs_add_one() {
   0)               |              mutex_lock() {
   0)   0.026 us    |                _cond_resched();
   0)   0.225 us    |              }
   0)   0.062 us    |              kernfs_name_hash();
   0)   0.046 us    |              kernfs_link_sibling();
   0)   0.027 us    |              mutex_unlock();
   0)               |              kernfs_activate() {
   0)               |                mutex_lock() {
   0)   0.024 us    |                  _cond_resched();
   0)   0.239 us    |                }
   0)   0.039 us    |                kernfs_next_descendant_post();
   0)   0.035 us    |                kernfs_next_descendant_post();
   0)   0.027 us    |                mutex_unlock();
   0)   1.172 us    |              }
   0)   2.701 us    |            }
   0)   7.161 us    |          }
   0)   7.375 us    |        }
   0)   0.024 us    |        kernfs_get();
   0)               |        acpi_platform_notify() {
   0)               |          acpi_get_bus_type() {
   0)               |            down_read() {
   0)   0.026 us    |              _cond_resched();
   0)   0.443 us    |            }
   0)   0.026 us    |            pci_acpi_bus_match();
   0)   0.028 us    |            usb_acpi_bus_match();
   0)   0.029 us    |            up_read();
   0)   2.042 us    |          }
   0)   0.104 us    |          acpi_bind_one();
   0)   2.638 us    |        }
   0)               |        device_create_file() {
   0)               |          sysfs_create_file_ns() {
   0)               |            sysfs_add_file_mode_ns() {
   0)               |              __kernfs_create_file() {
   0)               |                kernfs_new_node() {
   0)               |                  __kernfs_new_node() {
   0)   0.039 us    |                    kstrdup_const();
   0)               |                    kmem_cache_alloc() {
   0)   0.024 us    |                      _cond_resched();
   0)   0.247 us    |                    }
   0)               |                    kmem_cache_alloc() {
   0)   0.025 us    |                      _cond_resched();
   0)   0.318 us    |                    }
   0)   0.028 us    |                    _raw_spin_lock_irqsave();
   0)   0.033 us    |                    _raw_spin_unlock_irqrestore();
   0)   0.026 us    |                    _raw_spin_lock_irqsave();
   0)   0.029 us    |                    _raw_spin_lock_irqsave();
   0)   0.031 us    |                    _raw_spin_unlock_irqrestore();
   0)   0.031 us    |                    kmem_cache_free();
   0)   0.032 us    |                    _raw_spin_unlock_irqrestore();
   0)   2.673 us    |                  }
   0)   0.028 us    |                  kernfs_get();
   0)   3.097 us    |                }
   0)               |                kernfs_add_one() {
   0)               |                  mutex_lock() {
   0)   0.026 us    |                    _cond_resched();
   0)   0.265 us    |                  }
   0)   0.080 us    |                  kernfs_name_hash();
   0)   0.038 us    |                  kernfs_link_sibling();
   0)   0.029 us    |                  mutex_unlock();
   0)               |                  kernfs_activate() {
   0)               |                    mutex_lock() {
   0)   0.024 us    |                      _cond_resched();
   0)   0.223 us    |                    }
   0)   0.045 us    |                    kernfs_next_descendant_post();
   0)   0.023 us    |                    kernfs_next_descendant_post();
   0)   0.028 us    |                    mutex_unlock();
   0)   1.066 us    |                  }
   0)   2.383 us    |                }
   0)   5.872 us    |              }
   0)   6.102 us    |            }
   0)   6.325 us    |          }
   0)   6.544 us    |        }
   0)               |        sysfs_create_link() {
   0)               |          sysfs_do_create_link_sd.isra.2() {
   0)   0.024 us    |            _raw_spin_lock();
   0)   0.027 us    |            kernfs_get();
   0)               |            kernfs_create_link() {
   0)               |              kernfs_new_node() {
   0)               |                __kernfs_new_node() {
   0)   0.033 us    |                  kstrdup_const();
   0)               |                  kmem_cache_alloc() {
   0)   0.025 us    |                    _cond_resched();
   0)   0.274 us    |                  }
   0)               |                  kmem_cache_alloc() {
   0)   0.025 us    |                    _cond_resched();
   0)   0.315 us    |                  }
   0)   0.027 us    |                  _raw_spin_lock_irqsave();
   0)   0.031 us    |                  _raw_spin_unlock_irqrestore();
   0)   0.027 us    |                  _raw_spin_lock_irqsave();
   0)   0.027 us    |                  _raw_spin_lock_irqsave();
   0)   0.033 us    |                  _raw_spin_unlock_irqrestore();
   0)   0.031 us    |                  kmem_cache_free();
   0)   0.033 us    |                  _raw_spin_unlock_irqrestore();
   0)   2.798 us    |                }
   0)   0.026 us    |                kernfs_get();
   0)   3.247 us    |              }
   0)   0.027 us    |              kernfs_get();
   0)               |              kernfs_add_one() {
   0)               |                mutex_lock() {
   0)   0.027 us    |                  _cond_resched();
   0)   0.224 us    |                }
   0)   0.149 us    |                kernfs_name_hash();
   0)   0.061 us    |                kernfs_link_sibling();
   0)   0.026 us    |                mutex_unlock();
   0)               |                kernfs_activate() {
   0)               |                  mutex_lock() {
   0)   0.027 us    |                    _cond_resched();
   0)   0.227 us    |                  }
   0)   0.045 us    |                  kernfs_next_descendant_post();
   0)   0.027 us    |                  kernfs_next_descendant_post();
   0)   0.026 us    |                  mutex_unlock();
   0)   1.090 us    |                }
   0)   2.452 us    |              }
   0)   6.292 us    |            }
   0)   0.028 us    |            kernfs_put();
   0)   7.318 us    |          }
   0)   7.589 us    |        }
   0)               |        sysfs_create_link() {
   0)               |          sysfs_do_create_link_sd.isra.2() {
   0)   0.024 us    |            _raw_spin_lock();
   0)   0.026 us    |            kernfs_get();
   0)               |            kernfs_create_link() {
   0)               |              kernfs_new_node() {
   0)               |                __kernfs_new_node() {
   0)               |                  kstrdup_const() {
   0)               |                    kstrdup() {
   0)               |                      __kmalloc_track_caller() {
   0)   0.028 us    |                        kmalloc_slab();
   0)   0.024 us    |                        _cond_resched();
   0)   0.435 us    |                      }
   0)   0.664 us    |                    }
   0)   0.884 us    |                  }
   0)               |                  kmem_cache_alloc() {
   0)   0.027 us    |                    _cond_resched();
   0)   0.253 us    |                  }
   0)               |                  kmem_cache_alloc() {
   0)   0.026 us    |                    _cond_resched();
   0)   0.312 us    |                  }
   0)   0.028 us    |                  _raw_spin_lock_irqsave();
   0)   0.034 us    |                  _raw_spin_unlock_irqrestore();
   0)   0.028 us    |                  _raw_spin_lock_irqsave();
   0)   0.028 us    |                  _raw_spin_lock_irqsave();
   0)   0.033 us    |                  _raw_spin_unlock_irqrestore();
   0)   0.032 us    |                  kmem_cache_free();
   0)   0.032 us    |                  _raw_spin_unlock_irqrestore();
   0)   3.675 us    |                }
   0)   0.027 us    |                kernfs_get();
   0)   4.124 us    |              }
   0)   0.027 us    |              kernfs_get();
   0)               |              kernfs_add_one() {
   0)               |                mutex_lock() {
   0)   0.027 us    |                  _cond_resched();
   0)   0.224 us    |                }
   0)   0.054 us    |                kernfs_name_hash();
   0)   0.026 us    |                kernfs_link_sibling();
   0)   0.027 us    |                mutex_unlock();
   0)               |                kernfs_activate() {
   0)               |                  mutex_lock() {
   0)   0.026 us    |                    _cond_resched();
   0)   0.221 us    |                  }
   0)   0.028 us    |                  kernfs_next_descendant_post();
   0)   0.024 us    |                  kernfs_next_descendant_post();
   0)   0.026 us    |                  mutex_unlock();
   0)   1.026 us    |                }
   0)   2.290 us    |              }
   0)   7.010 us    |            }
   0)   0.026 us    |            kernfs_put();
   0)   7.812 us    |          }
   0)   8.029 us    |        }
   0)   0.031 us    |        sysfs_create_groups();
   0)   0.033 us    |        sysfs_create_groups();
   0)   0.035 us    |        bus_add_device();
   0)               |        dpm_sysfs_add() {
   0)               |          sysfs_create_group() {
   0)               |            internal_create_group() {
   0)               |              kernfs_create_dir_ns() {
   0)               |                kernfs_new_node() {
   0)               |                  __kernfs_new_node() {
   0)   0.025 us    |                    kstrdup_const();
   0)               |                    kmem_cache_alloc() {
   0)   0.027 us    |                      _cond_resched();
   0)   0.269 us    |                    }
   0)               |                    kmem_cache_alloc() {
   0)   0.027 us    |                      _cond_resched();
   0)   0.335 us    |                    }
   0)   0.026 us    |                    _raw_spin_lock_irqsave();
   0)   0.034 us    |                    _raw_spin_unlock_irqrestore();
   0)   0.027 us    |                    _raw_spin_lock_irqsave();
   0)   0.026 us    |                    _raw_spin_lock_irqsave();
   0)   0.032 us    |                    _raw_spin_unlock_irqrestore();
   0)   0.031 us    |                    kmem_cache_free();
   0)   0.034 us    |                    _raw_spin_unlock_irqrestore();
   0)   2.741 us    |                  }
   0)   0.027 us    |                  kernfs_get();
   0)   3.139 us    |                }
   0)               |                kernfs_add_one() {
   0)               |                  mutex_lock() {
   0)   0.027 us    |                    _cond_resched();
   0)   0.244 us    |                  }
   0)   0.129 us    |                  kernfs_name_hash();
   0)   0.099 us    |                  kernfs_link_sibling();
   0)   0.025 us    |                  mutex_unlock();
   0)               |                  kernfs_activate() {
   0)               |                    mutex_lock() {
   0)   0.023 us    |                      _cond_resched();
   0)   0.225 us    |                    }
   0)   0.038 us    |                    kernfs_next_descendant_post();
   0)   0.025 us    |                    kernfs_next_descendant_post();
   0)   0.024 us    |                    mutex_unlock();
   0)   1.030 us    |                  }
   0)   2.441 us    |                }
   0)   5.978 us    |              }
   0)   0.026 us    |              kernfs_get();
   0)               |              sysfs_add_file_mode_ns() {
   0)               |                __kernfs_create_file() {
   0)               |                  kernfs_new_node() {
   0)               |                    __kernfs_new_node() {
   0)   0.028 us    |                      kstrdup_const();
   0)               |                      kmem_cache_alloc() {
   0)   0.026 us    |                        _cond_resched();
   0)   0.277 us    |                      }
   0)               |                      kmem_cache_alloc() {
   0)   0.026 us    |                        _cond_resched();
   0)   0.331 us    |                      }
   0)   0.026 us    |                      _raw_spin_lock_irqsave();
   0)   0.030 us    |                      _raw_spin_unlock_irqrestore();
   0)   0.026 us    |                      _raw_spin_lock_irqsave();
   0)   0.028 us    |                      _raw_spin_lock_irqsave();
   0)   0.034 us    |                      _raw_spin_unlock_irqrestore();
   0)   0.030 us    |                      kmem_cache_free();
   0)   0.032 us    |                      _raw_spin_unlock_irqrestore();
   0)   3.064 us    |                    }
   0)   0.026 us    |                    kernfs_get();
   0)   3.464 us    |                  }
   0)               |                  kernfs_add_one() {
   0)               |                    mutex_lock() {
   0)   0.026 us    |                      _cond_resched();
   0)   0.227 us    |                    }
   0)   0.116 us    |                    kernfs_name_hash();
   0)   0.027 us    |                    kernfs_link_sibling();
   0)   0.026 us    |                    mutex_unlock();
   0)               |                    kernfs_activate() {
   0)               |                      mutex_lock() {
   0)   0.026 us    |                        _cond_resched();
   0)   0.226 us    |                      }
   0)   0.026 us    |                      kernfs_next_descendant_post();
   0)   0.025 us    |                      kernfs_next_descendant_post();
   0)   0.026 us    |                      mutex_unlock();
   0)   1.027 us    |                    }
   0)   2.343 us    |                  }
   0)   6.202 us    |                }
   0)   6.405 us    |              }
   0)               |              sysfs_add_file_mode_ns() {
   0)               |                __kernfs_create_file() {
   0)               |                  kernfs_new_node() {
   0)               |                    __kernfs_new_node() {
   0)   0.028 us    |                      kstrdup_const();
   0)               |                      kmem_cache_alloc() {
   0)   0.027 us    |                        _cond_resched();
   0)   0.253 us    |                      }
   0)               |                      kmem_cache_alloc() {
   0)   0.026 us    |                        _cond_resched();
   0)   0.312 us    |                      }
   0)   0.028 us    |                      _raw_spin_lock_irqsave();
   0)   0.034 us    |                      _raw_spin_unlock_irqrestore();
   0)   0.028 us    |                      _raw_spin_lock_irqsave();
   0)   0.026 us    |                      _raw_spin_lock_irqsave();
   0)   0.032 us    |                      _raw_spin_unlock_irqrestore();
   0)   0.033 us    |                      kmem_cache_free();
   0)   0.032 us    |                      _raw_spin_unlock_irqrestore();
   0)   2.681 us    |                    }
   0)   0.024 us    |                    kernfs_get();
   0)   3.076 us    |                  }
   0)               |                  kernfs_add_one() {
   0)               |                    mutex_lock() {
   0)   0.025 us    |                      _cond_resched();
   0)   0.225 us    |                    }
   0)   0.162 us    |                    kernfs_name_hash();
   0)   0.061 us    |                    kernfs_link_sibling();
   0)   0.027 us    |                    mutex_unlock();
   0)               |                    kernfs_activate() {
   0)               |                      mutex_lock() {
   0)   0.026 us    |                        _cond_resched();
   0)   0.223 us    |                      }
   0)   0.027 us    |                      kernfs_next_descendant_post();
   0)   0.025 us    |                      kernfs_next_descendant_post();
   0)   0.025 us    |                      mutex_unlock();
   0)   1.091 us    |                    }
   0)   2.669 us    |                  }
   0)   6.120 us    |                }
   0)   6.319 us    |              }
   0)               |              sysfs_add_file_mode_ns() {
   0)               |                __kernfs_create_file() {
   0)               |                  kernfs_new_node() {
   0)               |                    __kernfs_new_node() {
   0)   0.025 us    |                      kstrdup_const();
   0)               |                      kmem_cache_alloc() {
   0)   0.025 us    |                        _cond_resched();
   0)   0.248 us    |                      }
   0)               |                      kmem_cache_alloc() {
   0)   0.024 us    |                        _cond_resched();
   0)   0.305 us    |                      }
   0)   0.027 us    |                      _raw_spin_lock_irqsave();
   0)   0.033 us    |                      _raw_spin_unlock_irqrestore();
   0)   0.025 us    |                      _raw_spin_lock_irqsave();
   0)   0.027 us    |                      _raw_spin_lock_irqsave();
   0)   0.032 us    |                      _raw_spin_unlock_irqrestore();
   0)   0.030 us    |                      kmem_cache_free();
   0)   0.033 us    |                      _raw_spin_unlock_irqrestore();
   0)   2.677 us    |                    }
   0)   0.027 us    |                    kernfs_get();
   0)   3.083 us    |                  }
   0)               |                  kernfs_add_one() {
   0)               |                    mutex_lock() {
   0)   0.028 us    |                      _cond_resched();
   0)   0.224 us    |                    }
   0)   0.145 us    |                    kernfs_name_hash();
   0)   0.104 us    |                    kernfs_link_sibling();
   0)   0.026 us    |                    mutex_unlock();
   0)               |                    kernfs_activate() {
   0)               |                      mutex_lock() {
   0)   0.026 us    |                        _cond_resched();
   0)   0.222 us    |                      }
   0)   0.026 us    |                      kernfs_next_descendant_post();
   0)   0.026 us    |                      kernfs_next_descendant_post();
   0)   0.026 us    |                      mutex_unlock();
   0)   1.044 us    |                    }
   0)   2.460 us    |                  }
   0)   5.934 us    |                }
   0)   6.138 us    |              }
   0)               |              sysfs_add_file_mode_ns() {
   0)               |                __kernfs_create_file() {
   0)               |                  kernfs_new_node() {
   0)               |                    __kernfs_new_node() {
   0)   0.025 us    |                      kstrdup_const();
   0)               |                      kmem_cache_alloc() {
   0)   0.024 us    |                        _cond_resched();
   0)   0.244 us    |                      }
   0)               |                      kmem_cache_alloc() {
   0)   0.026 us    |                        _cond_resched();
   0)   0.313 us    |                      }
   0)   0.025 us    |                      _raw_spin_lock_irqsave();
   0)   0.032 us    |                      _raw_spin_unlock_irqrestore();
   0)   0.027 us    |                      _raw_spin_lock_irqsave();
   0)   0.027 us    |                      _raw_spin_lock_irqsave();
   0)   0.032 us    |                      _raw_spin_unlock_irqrestore();
   0)   0.033 us    |                      kmem_cache_free();
   0)   0.033 us    |                      _raw_spin_unlock_irqrestore();
   0)   2.896 us    |                    }
   0)   0.025 us    |                    kernfs_get();
   0)   3.292 us    |                  }
   0)               |                  kernfs_add_one() {
   0)               |                    mutex_lock() {
   0)   0.027 us    |                      _cond_resched();
   0)   0.228 us    |                    }
   0)   0.074 us    |                    kernfs_name_hash();
   0)   0.085 us    |                    kernfs_link_sibling();
   0)   0.027 us    |                    mutex_unlock();
   0)               |                    kernfs_activate() {
   0)               |                      mutex_lock() {
   0)   0.025 us    |                        _cond_resched();
   0)   0.238 us    |                      }
   0)   0.028 us    |                      kernfs_next_descendant_post();
   0)   0.027 us    |                      kernfs_next_descendant_post();
   0)   0.027 us    |                      mutex_unlock();
   0)   1.047 us    |                    }
   0)   2.379 us    |                  }
   0)   6.064 us    |                }
   0)   6.267 us    |              }
   0)               |              sysfs_add_file_mode_ns() {
   0)               |                __kernfs_create_file() {
   0)               |                  kernfs_new_node() {
   0)               |                    __kernfs_new_node() {
   0)   0.025 us    |                      kstrdup_const();
   0)               |                      kmem_cache_alloc() {
   0)   0.023 us    |                        _cond_resched();
   0)   0.246 us    |                      }
   0)               |                      kmem_cache_alloc() {
   0)   0.024 us    |                        _cond_resched();
   0)   0.311 us    |                      }
   0)   0.025 us    |                      _raw_spin_lock_irqsave();
   0)   0.031 us    |                      _raw_spin_unlock_irqrestore();
   0)   0.028 us    |                      _raw_spin_lock_irqsave();
   0)   0.025 us    |                      _raw_spin_lock_irqsave();
   0)   0.035 us    |                      _raw_spin_unlock_irqrestore();
   0)   0.028 us    |                      kmem_cache_free();
   0)   0.034 us    |                      _raw_spin_unlock_irqrestore();
   0)   2.805 us    |                    }
   0)   0.157 us    |                    kernfs_get();
   0) + 13.410 us   |                  }
   0)               |                  kernfs_add_one() {
   0)               |                    mutex_lock() {
   0)   0.026 us    |                      _cond_resched();
   0)   0.262 us    |                    }
   0)   0.087 us    |                    kernfs_name_hash();
   0)   0.091 us    |                    kernfs_link_sibling();
   0)   0.026 us    |                    mutex_unlock();
   0)               |                    kernfs_activate() {
   0)               |                      mutex_lock() {
   0)   0.026 us    |                        _cond_resched();
   0)   0.227 us    |                      }
   0)   0.028 us    |                      kernfs_next_descendant_post();
   0)   0.025 us    |                      kernfs_next_descendant_post();
   0)   0.026 us    |                      mutex_unlock();
   0)   1.047 us    |                    }
   0)   2.478 us    |                  }
   0) + 16.317 us   |                }
   0) + 16.533 us   |              }
   0)   0.028 us    |              kernfs_put();
   0) + 49.755 us   |            }
   0) + 49.956 us   |          }
   0)               |          sysfs_merge_group() {
   0)               |            kernfs_find_and_get_ns() {
   0)               |              mutex_lock() {
   0)   0.026 us    |                _cond_resched();
   0)   0.227 us    |              }
   0)               |              kernfs_find_ns() {
   0)   0.058 us    |                kernfs_name_hash();
   0)   0.491 us    |              }
   0)   0.024 us    |              kernfs_get();
   0)   0.027 us    |              mutex_unlock();
   0)   1.568 us    |            }
   0)               |            sysfs_add_file() {
   0)               |              sysfs_add_file_mode_ns() {
   0)               |                __kernfs_create_file() {
   0)               |                  kernfs_new_node() {
   0)               |                    __kernfs_new_node() {
   0)   0.027 us    |                      kstrdup_const();
   0)               |                      kmem_cache_alloc() {
   0)   0.028 us    |                        _cond_resched();
   0)   0.303 us    |                      }
   0)               |                      kmem_cache_alloc() {
   0)   0.027 us    |                        _cond_resched();
   0)   0.370 us    |                      }
   0)   0.027 us    |                      _raw_spin_lock_irqsave();
   0)   0.034 us    |                      _raw_spin_unlock_irqrestore();
   0)   0.027 us    |                      _raw_spin_lock_irqsave();
   0)   0.029 us    |                      _raw_spin_lock_irqsave();
   0)   0.033 us    |                      _raw_spin_unlock_irqrestore();
   0)   0.110 us    |                      kmem_cache_free();
   0)   0.033 us    |                      _raw_spin_unlock_irqrestore();
   0)   2.990 us    |                    }
   0)   0.026 us    |                    kernfs_get();
   0)   3.391 us    |                  }
   0)               |                  kernfs_add_one() {
   0)               |                    mutex_lock() {
   0)   0.026 us    |                      _cond_resched();
   0)   0.220 us    |                    }
   0)   0.132 us    |                    kernfs_name_hash();
   0)   0.070 us    |                    kernfs_link_sibling();
   0)   0.025 us    |                    mutex_unlock();
   0)               |                    kernfs_activate() {
   0)               |                      mutex_lock() {
   0)   0.025 us    |                        _cond_resched();
   0)   0.225 us    |                      }
   0)   0.026 us    |                      kernfs_next_descendant_post();
   0)   0.025 us    |                      kernfs_next_descendant_post();
   0)   0.024 us    |                      mutex_unlock();
   0)   1.023 us    |                    }
   0)   2.384 us    |                  }
   0)   6.147 us    |                }
   0)   6.378 us    |              }
   0)   6.657 us    |            }
   0)               |            sysfs_add_file() {
   0)               |              sysfs_add_file_mode_ns() {
   0)               |                __kernfs_create_file() {
   0)               |                  kernfs_new_node() {
   0)               |                    __kernfs_new_node() {
   0)   0.047 us    |                      kstrdup_const();
   0)               |                      kmem_cache_alloc() {
   0)   0.027 us    |                        _cond_resched();
   0)   0.581 us    |                      }
   0)               |                      kmem_cache_alloc() {
   0)   0.027 us    |                        _cond_resched();
   0)   0.535 us    |                      }
   0)   0.029 us    |                      _raw_spin_lock_irqsave();
   0)   0.033 us    |                      _raw_spin_unlock_irqrestore();
   0)   0.028 us    |                      _raw_spin_lock_irqsave();
   0)   0.028 us    |                      _raw_spin_lock_irqsave();
   0)   0.034 us    |                      _raw_spin_unlock_irqrestore();
   0)   0.272 us    |                      kmem_cache_free();
   0)   0.034 us    |                      _raw_spin_unlock_irqrestore();
   0)   4.832 us    |                    }
   0)   0.026 us    |                    kernfs_get();
   0)   5.364 us    |                  }
   0)               |                  kernfs_add_one() {
   0)               |                    mutex_lock() {
   0)   0.025 us    |                      _cond_resched();
   0)   0.569 us    |                    }
   0)   0.203 us    |                    kernfs_name_hash();
   0)   0.148 us    |                    kernfs_link_sibling();
   0)   0.034 us    |                    mutex_unlock();
   0)               |                    kernfs_activate() {
   0)               |                      mutex_lock() {
   0)   0.027 us    |                        _cond_resched();
   0)   0.256 us    |                      }
   0)   0.038 us    |                      kernfs_next_descendant_post();
   0)   0.045 us    |                      kernfs_next_descendant_post();
   0)   0.028 us    |                      mutex_unlock();
   0)   1.188 us    |                    }
   0)   3.247 us    |                  }
   0)   9.118 us    |                }
   0)   9.712 us    |              }
   0) + 10.273 us   |            }
   0)               |            sysfs_add_file() {
   0)               |              sysfs_add_file_mode_ns() {
   0)               |                __kernfs_create_file() {
   0)               |                  kernfs_new_node() {
   0)               |                    __kernfs_new_node() {
   0)   0.025 us    |                      kstrdup_const();
   0)               |                      kmem_cache_alloc() {
   0)   0.027 us    |                        _cond_resched();
   0)   0.252 us    |                      }
   0)               |                      kmem_cache_alloc() {
   0)   0.028 us    |                        _cond_resched();
   0)   0.321 us    |                      }
   0)   0.027 us    |                      _raw_spin_lock_irqsave();
   0)   0.033 us    |                      _raw_spin_unlock_irqrestore();
   0)   0.025 us    |                      _raw_spin_lock_irqsave();
   0)   0.027 us    |                      _raw_spin_lock_irqsave();
   0)   0.034 us    |                      _raw_spin_unlock_irqrestore();
   0)   0.031 us    |                      kmem_cache_free();
   0)   0.034 us    |                      _raw_spin_unlock_irqrestore();
   0)   2.787 us    |                    }
   0)   0.026 us    |                    kernfs_get();
   0)   3.210 us    |                  }
   0)               |                  kernfs_add_one() {
   0)               |                    mutex_lock() {
   0)   0.027 us    |                      _cond_resched();
   0)   0.227 us    |                    }
   0)   0.085 us    |                    kernfs_name_hash();
   0)   0.135 us    |                    kernfs_link_sibling();
   0)   0.029 us    |                    mutex_unlock();
   0)               |                    kernfs_activate() {
   0)               |                      mutex_lock() {
   0)   0.028 us    |                        _cond_resched();
   0)   0.224 us    |                      }
   0)   0.036 us    |                      kernfs_next_descendant_post();
   0)   0.026 us    |                      kernfs_next_descendant_post();
   0)   0.025 us    |                      mutex_unlock();
   0)   1.116 us    |                    }
   0)   2.564 us    |                  }
   0)   6.148 us    |                }
   0)   6.349 us    |              }
   0)   6.561 us    |            }
   0)               |            sysfs_add_file() {
   0)               |              sysfs_add_file_mode_ns() {
   0)               |                __kernfs_create_file() {
   0)               |                  kernfs_new_node() {
   0)               |                    __kernfs_new_node() {
   0)   0.025 us    |                      kstrdup_const();
   0)               |                      kmem_cache_alloc() {
   0)   0.025 us    |                        _cond_resched();
   0)   0.251 us    |                      }
   0)               |                      kmem_cache_alloc() {
   0)   0.026 us    |                        _cond_resched();
   0)   0.337 us    |                      }
   0)   0.027 us    |                      _raw_spin_lock_irqsave();
   0)   0.033 us    |                      _raw_spin_unlock_irqrestore();
   0)   0.027 us    |                      _raw_spin_lock_irqsave();
   0)   0.027 us    |                      _raw_spin_lock_irqsave();
   0)   0.033 us    |                      _raw_spin_unlock_irqrestore();
   0)   0.029 us    |                      kmem_cache_free();
   0)   0.033 us    |                      _raw_spin_unlock_irqrestore();
   0)   3.184 us    |                    }
   0)   0.027 us    |                    kernfs_get();
   0)   3.658 us    |                  }
   0)               |                  kernfs_add_one() {
   0)               |                    mutex_lock() {
   0)   0.027 us    |                      _cond_resched();
   0)   0.224 us    |                    }
   0)   0.098 us    |                    kernfs_name_hash();
   0)   0.096 us    |                    kernfs_link_sibling();
   0)   0.028 us    |                    mutex_unlock();
   0)               |                    kernfs_activate() {
   0)               |                      mutex_lock() {
   0)   0.026 us    |                        _cond_resched();
   0)   0.223 us    |                      }
   0)   0.027 us    |                      kernfs_next_descendant_post();
   0)   0.025 us    |                      kernfs_next_descendant_post();
   0)   0.027 us    |                      mutex_unlock();
   0)   1.044 us    |                    }
   0)   2.402 us    |                  }
   0)   6.437 us    |                }
   0)   6.639 us    |              }
   0)   6.906 us    |            }
   0)   0.025 us    |            kernfs_put();
   0) + 57.303 us   |          }
   0) ! 107.837 us  |        }
   0)               |        device_pm_add() {
   0)               |          mutex_lock() {
   0)   0.025 us    |            _cond_resched();
   0)   0.227 us    |          }
   0)   0.026 us    |          mutex_unlock();
   0)   0.925 us    |        }
   0)               |        device_create_file() {
   0)               |          sysfs_create_file_ns() {
   0)               |            sysfs_add_file_mode_ns() {
   0)               |              __kernfs_create_file() {
   0)               |                kernfs_new_node() {
   0)               |                  __kernfs_new_node() {
   0)   0.025 us    |                    kstrdup_const();
   0)               |                    kmem_cache_alloc() {
   0)   0.024 us    |                      _cond_resched();
   0)   0.249 us    |                    }
   0)               |                    kmem_cache_alloc() {
   0)   0.025 us    |                      _cond_resched();
   0)   0.318 us    |                    }
   0)   0.026 us    |                    _raw_spin_lock_irqsave();
   0)   0.033 us    |                    _raw_spin_unlock_irqrestore();
   0)   0.027 us    |                    _raw_spin_lock_irqsave();
   0)   0.027 us    |                    _raw_spin_lock_irqsave();
   0)   0.033 us    |                    _raw_spin_unlock_irqrestore();
   0)   0.031 us    |                    kmem_cache_free();
   0)   0.034 us    |                    _raw_spin_unlock_irqrestore();
   0)   2.722 us    |                  }
   0)   0.026 us    |                  kernfs_get();
   0)   3.169 us    |                }
   0)               |                kernfs_add_one() {
   0)               |                  mutex_lock() {
   0)   0.027 us    |                    _cond_resched();
   0)   0.228 us    |                  }
   0)   0.158 us    |                  kernfs_name_hash();
   0)   0.114 us    |                  kernfs_link_sibling();
   0)   0.026 us    |                  mutex_unlock();
   0)               |                  kernfs_activate() {
   0)               |                    mutex_lock() {
   0)   0.026 us    |                      _cond_resched();
   0)   0.356 us    |                    }
   0)   0.027 us    |                    kernfs_next_descendant_post();
   0)   0.025 us    |                    kernfs_next_descendant_post();
   0)   0.026 us    |                    mutex_unlock();
   0)   1.247 us    |                  }
   0)   2.748 us    |                }
   0)   6.291 us    |              }
   0)   6.512 us    |            }
   0)   6.728 us    |          }
   0)   7.017 us    |        }
   0)               |        sysfs_create_link() {
   0)               |          sysfs_do_create_link_sd.isra.2() {
   0)   0.059 us    |            _raw_spin_lock();
   0)   0.027 us    |            kernfs_get();
   0)               |            kernfs_create_link() {
   0)               |              kernfs_new_node() {
   0)               |                __kernfs_new_node() {
   0)               |                  kstrdup_const() {
   0)               |                    kstrdup() {
   0)               |                      __kmalloc_track_caller() {
   0)   0.156 us    |                        kmalloc_slab();
   0)   0.025 us    |                        _cond_resched();
   0)   0.765 us    |                      }
   0)   1.028 us    |                    }
   0)   1.261 us    |                  }
   0)               |                  kmem_cache_alloc() {
   0)   0.029 us    |                    _cond_resched();
   0)   0.253 us    |                  }
   0)               |                  kmem_cache_alloc() {
   0)   0.027 us    |                    _cond_resched();
   0)   0.324 us    |                  }
   0)   0.026 us    |                  _raw_spin_lock_irqsave();
   0)   0.033 us    |                  _raw_spin_unlock_irqrestore();
   0)   0.026 us    |                  _raw_spin_lock_irqsave();
   0)   0.026 us    |                  _raw_spin_lock_irqsave();
   0)   0.033 us    |                  _raw_spin_unlock_irqrestore();
   0)   0.031 us    |                  kmem_cache_free();
   0)   0.033 us    |                  _raw_spin_unlock_irqrestore();
   0)   4.044 us    |                }
   0)   0.027 us    |                kernfs_get();
   0)   4.660 us    |              }
   0)   0.026 us    |              kernfs_get();
   0)               |              kernfs_add_one() {
   0)               |                mutex_lock() {
   0)   0.026 us    |                  _cond_resched();
   0)   0.247 us    |                }
   0)   0.063 us    |                kernfs_name_hash();
   0)   2.554 us    |                kernfs_link_sibling();
   0)   0.028 us    |                mutex_unlock();
   0)               |                kernfs_activate() {
   0)               |                  mutex_lock() {
   0)   0.024 us    |                    _cond_resched();
   0)   0.248 us    |                  }
   0)   0.028 us    |                  kernfs_next_descendant_post();
   0)   0.025 us    |                  kernfs_next_descendant_post();
   0)   0.027 us    |                  mutex_unlock();
   0)   1.047 us    |                }
   0)   4.832 us    |              }
   0) + 10.083 us   |            }
   0)   0.027 us    |            kernfs_put();
   0) + 10.999 us   |          }
   0) + 11.309 us   |        }
   0)               |        devtmpfs_create_node() {
   0)   0.174 us    |          device_get_devnode();
   0)   0.029 us    |          __init_waitqueue_head();
   0)   0.026 us    |          _raw_spin_lock();
   0)               |          wake_up_process() {
   0)               |            try_to_wake_up() {
   0)   0.200 us    |              _raw_spin_lock_irqsave();
   0)   0.155 us    |              task_waking_fair();
   0)               |              select_task_rq_fair() {
   0)               |                select_idle_sibling() {
   0)   0.048 us    |                  idle_cpu();
   0)   0.354 us    |                }
   0)   0.707 us    |              }
   0)   0.033 us    |              _raw_spin_lock();
   0)               |              ttwu_do_activate.constprop.90() {
   0)               |                activate_task() {
   0)   0.088 us    |                  update_rq_clock.part.80();
   0)               |                  enqueue_task_fair() {
   0)               |                    enqueue_entity() {
   0)               |                      update_curr() {
   0)   0.036 us    |                        update_min_vruntime();
   0)   0.342 us    |                      }
   0)   0.105 us    |                      account_entity_enqueue();
   0)   0.191 us    |                      update_cfs_shares();
   0)   0.106 us    |                      place_entity();
   0)   0.049 us    |                      __enqueue_entity();
   0)   2.064 us    |                    }
   0)   0.026 us    |                    hrtick_update();
   0)   2.596 us    |                  }
   0)   3.178 us    |                }
   0)               |                ttwu_do_wakeup() {
   0)               |                  check_preempt_curr() {
   0)               |                    check_preempt_wakeup() {
   0)   0.036 us    |                      update_curr();
   0)   0.024 us    |                      wakeup_preempt_entity.isra.55();
   0)   0.041 us    |                      set_next_buddy();
   0)   0.039 us    |                      resched_curr();
   0)   0.934 us    |                    }
   0)   1.243 us    |                  }
   0)   2.079 us    |                }
   0)   5.717 us    |              }
   0)   0.213 us    |              ttwu_stat();
   0)   0.031 us    |              _raw_spin_unlock_irqrestore();
   0)   8.913 us    |            }
   0)   9.158 us    |          }
   0)               |          wait_for_completion() {
   0)               |            _cond_resched() {
   0)   0.061 us    |              rcu_note_context_switch();
   0)   0.024 us    |              _raw_spin_lock_irq();
   0)               |              pick_next_task_fair() {
   0)   0.036 us    |                update_curr();
   0)   0.026 us    |                check_cfs_rq_runtime();
   0)               |                pick_next_entity() {
   0)   0.039 us    |                  wakeup_preempt_entity.isra.55();
   0)   0.043 us    |                  clear_buddies();
   0)   0.486 us    |                }
   0)               |                put_prev_entity() {
   0)               |                  update_curr() {
   0)   0.025 us    |                    update_min_vruntime();
   0)   0.117 us    |                    cpuacct_charge();
   0)   0.783 us    |                  }
   0)   0.027 us    |                  check_cfs_rq_runtime();
   0)   0.027 us    |                  __enqueue_entity();
   0)   1.512 us    |                }
   0)               |                put_prev_entity() {
   0)   0.035 us    |                  update_curr();
   0)   0.023 us    |                  check_cfs_rq_runtime();
   0)   0.065 us    |                  __enqueue_entity();
   0)   0.708 us    |                }
   0)               |                set_next_entity() {
   0)   0.040 us    |                  update_stats_wait_end();
   0)   0.390 us    |                }
   0)   4.434 us    |              }
   0)   0.053 us    |              finish_task_switch();
   0) + 19.267 us   |            }
   0)   0.028 us    |            _raw_spin_lock_irq();
   0) + 19.917 us   |          }
   0)   0.034 us    |          kfree();
   0) + 30.838 us   |        }
   0)   0.036 us    |        dev_uevent_filter();
   0)   0.042 us    |        dev_uevent_name();
   0)               |        kmem_cache_alloc_trace() {
   0)   0.027 us    |          _cond_resched();
   0)   0.479 us    |        }
   0)               |        __kmalloc() {
   0)   0.046 us    |          kmalloc_slab();
   0)   0.023 us    |          _cond_resched();
   0)   0.535 us    |        }
   0)               |        dev_uevent() {
   0)   0.038 us    |          device_get_devnode();
   0)   0.028 us    |          kfree();
   0)   0.870 us    |        }
   0)               |        mutex_lock() {
   0)   0.027 us    |          _cond_resched();
   0)   0.285 us    |        }
   0)   0.175 us    |        netlink_has_listeners();
   0)               |        __alloc_skb() {
   0)               |          kmem_cache_alloc_node() {
   0)   0.027 us    |            _cond_resched();
   0)   0.348 us    |          }
   0)               |          __kmalloc_reserve.isra.33() {
   0)               |            __kmalloc_node_track_caller() {
   0)   0.036 us    |              kmalloc_slab();
   0)   0.027 us    |              _cond_resched();
   0)   0.548 us    |            }
   0)   0.763 us    |          }
   0)   0.131 us    |          ksize();
   0)   1.974 us    |        }
   0)   0.029 us    |        skb_put();
   0)   0.030 us    |        skb_put();
   0)   0.029 us    |        skb_put();
   0)   0.029 us    |        skb_put();
   0)   0.027 us    |        skb_put();
   0)   0.028 us    |        skb_put();
   0)   0.028 us    |        skb_put();
   0)   0.029 us    |        skb_put();
   0)               |        netlink_broadcast_filtered() {
   0)   0.037 us    |          netlink_trim();
   0)   0.085 us    |          _raw_read_lock();
   0)   0.054 us    |          class_dir_child_ns_type();
   0)               |          sk_filter() {
   0)               |            security_sock_rcv_skb() {
   0)   0.026 us    |              apparmor_socket_sock_rcv_skb();
   0)   0.326 us    |            }
   0)   0.550 us    |          }
   0)               |          peernet2id() {
   0)   0.091 us    |            _raw_spin_lock_irqsave();
   0)   0.093 us    |            __peernet2id_alloc();
   0)   0.037 us    |            _raw_spin_unlock_irqrestore();
   0)   0.830 us    |          }
   0)   0.122 us    |          netlink_skb_set_owner_r();
   0)               |          __netlink_sendskb() {
   0)               |            skb_queue_tail() {
   0)   0.027 us    |              _raw_spin_lock_irqsave();
   0)   0.032 us    |              _raw_spin_unlock_irqrestore();
   0)   0.471 us    |            }
   0)               |            sock_def_readable() {
   0)               |              __wake_up_sync_key() {
   0)   0.027 us    |                _raw_spin_lock_irqsave();
   0)               |                __wake_up_common() {
   0)               |                  ep_poll_callback() {
   0)   0.152 us    |                    _raw_spin_lock_irqsave();
   0)               |                    __wake_up_locked() {
   0)               |                      __wake_up_common() {
   0)               |                        default_wake_function() {
   0)               |                          try_to_wake_up() {
   0)   0.081 us    |                            _raw_spin_lock_irqsave();
   0)   0.123 us    |                            task_waking_fair();
   0)               |                            select_task_rq_fair() {
   0)               |                              select_idle_sibling() {
   0)   0.027 us    |                                idle_cpu();
   0)   0.266 us    |                              }
   0)   0.530 us    |                            }
   0)   0.029 us    |                            _raw_spin_lock();
   0)               |                            ttwu_do_activate.constprop.90() {
   0)               |                              activate_task() {
   0)   0.040 us    |                                update_rq_clock.part.80();
   0)               |                                enqueue_task_fair() {
   0)               |                                  enqueue_entity() {
   0)   0.044 us    |                                    update_curr();
   0)   0.026 us    |                                    __compute_runnable_contrib();
   0)   0.055 us    |                                    account_entity_enqueue();
   0)   0.112 us    |                                    update_cfs_shares();
   0)   0.028 us    |                                    place_entity();
   0)   0.030 us    |                                    __enqueue_entity();
   0)   1.614 us    |                                  }
   0)               |                                  enqueue_entity() {
   0)               |                                    update_curr() {
   0)   0.026 us    |                                      update_min_vruntime();
   0)   0.242 us    |                                    }
   0)   0.038 us    |                                    account_entity_enqueue();
   0)   0.029 us    |                                    update_cfs_shares();
   0)   0.029 us    |                                    place_entity();
   0)   0.043 us    |                                    __enqueue_entity();
   0)   1.353 us    |                                  }
   0)   0.025 us    |                                  hrtick_update();
   0)   3.578 us    |                                }
   0)   3.995 us    |                              }
   0)               |                              ttwu_do_wakeup() {
   0)               |                                check_preempt_curr() {
   0)               |                                  check_preempt_wakeup() {
   0)   0.039 us    |                                    update_curr();
   0)   0.028 us    |                                    wakeup_preempt_entity.isra.55();
   0)   0.040 us    |                                    set_next_buddy();
   0)   0.047 us    |                                    resched_curr();
   0)   0.918 us    |                                  }
   0)   1.120 us    |                                }
   0)   1.359 us    |                              }
   0)   5.732 us    |                            }
   0)   0.029 us    |                            ttwu_stat();
   0)   0.036 us    |                            _raw_spin_unlock_irqrestore();
   0)   7.940 us    |                          }
   0)   8.142 us    |                        }
   0)   8.625 us    |                      }
   0)   8.825 us    |                    }
   0)   0.031 us    |                    _raw_spin_unlock_irqrestore();
   0)   9.665 us    |                  }
   0)   9.987 us    |                }
   0)   0.033 us    |                _raw_spin_unlock_irqrestore();
   0) + 10.633 us   |              }
   0) + 11.017 us   |            }
   0) + 12.045 us   |          }
   0)   0.040 us    |          consume_skb();
   0)               |          __wake_up() {
   0)   0.030 us    |            _raw_spin_lock_irqsave();
   0)   0.036 us    |            __wake_up_common();
   0)   0.032 us    |            _raw_spin_unlock_irqrestore();
   0)   0.650 us    |          }
   0)   0.033 us    |          consume_skb();
   0) + 17.891 us   |        }
   0)   0.141 us    |        netlink_has_listeners();
   0)               |        __alloc_skb() {
   0)               |          kmem_cache_alloc_node() {
   0)               |            _cond_resched() {
   0)   0.027 us    |              rcu_note_context_switch();
   0)   0.024 us    |              _raw_spin_lock_irq();
   0)               |              pick_next_task_fair() {
   0)   0.039 us    |                update_curr();
   0)   0.024 us    |                check_cfs_rq_runtime();
   0)               |                pick_next_entity() {
   0)   0.038 us    |                  wakeup_preempt_entity.isra.55();
   0)   0.039 us    |                  clear_buddies();
   0)   0.533 us    |                }
   0)               |                pick_next_entity() {
   0)   0.029 us    |                  clear_buddies();
   0)   0.242 us    |                }
   0)               |                put_prev_entity() {
   0)               |                  update_curr() {
   0)   0.029 us    |                    update_min_vruntime();
   0)   0.041 us    |                    cpuacct_charge();
   0)   0.499 us    |                  }
   0)   0.025 us    |                  check_cfs_rq_runtime();
   0)   0.027 us    |                  __enqueue_entity();
   0)   1.176 us    |                }
   0)               |                set_next_entity() {
   0)   0.029 us    |                  update_stats_wait_end();
   0)   0.288 us    |                }
   0)               |                put_prev_entity() {
   0)   0.026 us    |                  update_curr();
   0)   0.025 us    |                  check_cfs_rq_runtime();
   0)   0.057 us    |                  __enqueue_entity();
   0)   0.676 us    |                }
   0)               |                set_next_entity() {
   0)   0.040 us    |                  update_stats_wait_end();
   0)   0.271 us    |                }
   0)   4.765 us    |              }
   0)   0.073 us    |              finish_task_switch();
   0) # 1112.058 us |            }
   0) # 1112.494 us |          }
   0)               |          __kmalloc_reserve.isra.33() {
   0)               |            __kmalloc_node_track_caller() {
   0)   0.026 us    |              kmalloc_slab();
   0)   0.026 us    |              _cond_resched();
   0)   0.500 us    |            }
   0)   0.733 us    |          }
   0)   0.048 us    |          ksize();
   0) # 1113.920 us |        }
   0)   0.028 us    |        skb_put();
   0)   0.026 us    |        skb_put();
   0)   0.024 us    |        skb_put();
   0)   0.023 us    |        skb_put();
   0)   0.026 us    |        skb_put();
   0)   0.025 us    |        skb_put();
   0)   0.026 us    |        skb_put();
   0)   0.024 us    |        skb_put();
   0)               |        netlink_broadcast_filtered() {
   0)   0.039 us    |          netlink_trim();
   0)   0.029 us    |          _raw_read_lock();
   0)               |          consume_skb() {
   0)               |            skb_release_all() {
   0)   0.054 us    |              skb_release_head_state();
   0)               |              skb_release_data() {
   0)   0.035 us    |                kfree();
   0)   0.249 us    |              }
   0)   0.674 us    |            }
   0)               |            kfree_skbmem() {
   0)   0.057 us    |              kmem_cache_free();
   0)   0.254 us    |            }
   0)   1.292 us    |          }
   0)               |          __wake_up() {
   0)   0.028 us    |            _raw_spin_lock_irqsave();
   0)   0.045 us    |            __wake_up_common();
   0)   0.033 us    |            _raw_spin_unlock_irqrestore();
   0)   0.990 us    |          }
   0)   0.029 us    |          consume_skb();
   0)   4.191 us    |        }
   0)   0.088 us    |        mutex_unlock();
   0)               |        kfree() {
   0)   0.046 us    |          __slab_free();
   0)   0.268 us    |        }
   0)   0.061 us    |        kfree();
   0)   0.044 us    |        bus_probe_device();
   0)               |        mutex_lock() {
   0)   0.025 us    |          _cond_resched();
   0)   0.227 us    |        }
   0)               |        klist_class_dev_get() {
   0)   0.073 us    |          get_device();
   0)   0.334 us    |        }
   0)   0.025 us    |        _raw_spin_lock();
   0)   0.025 us    |        mutex_unlock();
   0) # 1362.360 us |      }
   0) # 1368.591 us |    }
   0) # 1369.066 us |  }
